-------------------------------------------------------------------------------
Test set: MedicMagic.userMucus.service.UserMucusServiceTest
-------------------------------------------------------------------------------
Tests run: 1, Failures: 1, Errors: 0, Skipped: 0, Time elapsed: 0.025 s <<< FAILURE! - in MedicMagic.userMucus.service.UserMucusServiceTest
readOnlyTransactionAttribute(MedicMagic.userMucus.service.UserMucusServiceTest)  Time elapsed: 0.017 s  <<< FAILURE!
java.lang.AssertionError: Expected exception: org.springframework.dao.TransientDataAccessResourceException

