-------------------------------------------------------------------------------
Test set: MedicMagic.userPhysiology.dao.UserPhysiologyDaoTest
-------------------------------------------------------------------------------
Tests run: 1, Failures: 0, Errors: 1, Skipped: 0, Time elapsed: 0.028 s <<< FAILURE! - in MedicMagic.userPhysiology.dao.UserPhysiologyDaoTest
addAndGet  Time elapsed: 0 s  <<< ERROR!
java.lang.NoClassDefFoundError: org/springframework/core/ErrorCoded
Caused by: java.lang.ClassNotFoundException: org.springframework.core.ErrorCoded

