-------------------------------------------------------------------------------
Test set: MedicMagic.userMucus.dao.UserMucusDaoTest
-------------------------------------------------------------------------------
Tests run: 9, Failures: 0, Errors: 9, Skipped: 0, Time elapsed: 0.204 s <<< FAILURE! - in MedicMagic.userMucus.dao.UserMucusDaoTest
getGroupByIdOrDate  Time elapsed: 0 s  <<< ERROR!
java.lang.NoClassDefFoundError: org/springframework/core/ErrorCoded
Caused by: java.lang.ClassNotFoundException: org.springframework.core.ErrorCoded

deleteColumnIfMucusIsAllFalse  Time elapsed: 0 s  <<< ERROR!
java.lang.NoClassDefFoundError: org/springframework/core/ErrorCoded
Caused by: java.lang.ClassNotFoundException: org.springframework.core.ErrorCoded

update  Time elapsed: 0 s  <<< ERROR!
java.lang.NoClassDefFoundError: org/springframework/core/ErrorCoded
Caused by: java.lang.ClassNotFoundException: org.springframework.core.ErrorCoded

deleteEachIdAndDate  Time elapsed: 0 s  <<< ERROR!
java.lang.NoClassDefFoundError: org/springframework/core/ErrorCoded
Caused by: java.lang.ClassNotFoundException: org.springframework.core.ErrorCoded

getMucusById  Time elapsed: 0 s  <<< ERROR!
java.lang.NoClassDefFoundError: org/springframework/core/ErrorCoded
Caused by: java.lang.ClassNotFoundException: org.springframework.core.ErrorCoded

getMucusTrue  Time elapsed: 0 s  <<< ERROR!
java.lang.NoClassDefFoundError: org/springframework/core/ErrorCoded
Caused by: java.lang.ClassNotFoundException: org.springframework.core.ErrorCoded

addAndGet  Time elapsed: 0.001 s  <<< ERROR!
java.lang.NoClassDefFoundError: org/springframework/core/ErrorCoded
Caused by: java.lang.ClassNotFoundException: org.springframework.core.ErrorCoded

duplicateIdAndDate  Time elapsed: 0 s  <<< ERROR!
java.lang.NoClassDefFoundError: org/springframework/core/ErrorCoded
Caused by: java.lang.ClassNotFoundException: org.springframework.core.ErrorCoded

connectIdFromUserCalender  Time elapsed: 0 s  <<< ERROR!
java.lang.NoClassDefFoundError: org/springframework/core/ErrorCoded
Caused by: java.lang.ClassNotFoundException: org.springframework.core.ErrorCoded

