-------------------------------------------------------------------------------
Test set: MedicMagic.userPhysiology.service.UserPhysiologyServiceTest
-------------------------------------------------------------------------------
Tests run: 1, Failures: 1, Errors: 0, Skipped: 0, Time elapsed: 0.016 s <<< FAILURE! - in MedicMagic.userPhysiology.service.UserPhysiologyServiceTest
readOnlyTransactionAttribute(MedicMagic.userPhysiology.service.UserPhysiologyServiceTest)  Time elapsed: 0.011 s  <<< FAILURE!
java.lang.AssertionError: Expected exception: org.springframework.dao.TransientDataAccessResourceException

