<?xml version="1.0" encoding="UTF-8"?>
<testsuite xmlns:xsi="http://www.w3.org/2001/XMLSchema-instance" xsi:noNamespaceSchemaLocation="https://maven.apache.org/surefire/maven-surefire-plugin/xsd/surefire-test-report.xsd" name="controller.HelloControllerTest" time="0.012" tests="1" errors="1" skipped="0" failures="0">
  <properties>
[...]
</properties>
  <testcase name="initializationError" classname="controller.HelloControllerTest" time="0.008">
    <error message="sun.reflect.annotation.TypeNotPresentExceptionProxy" type="java.lang.ArrayStoreException">java.lang.ArrayStoreException: sun.reflect.annotation.TypeNotPresentExceptionProxy
</error>
    <system-out><![CDATA[13:06:20.920 [main] DEBUG org.springframework.test.context.junit4.SpringJUnit4ClassRunner - SpringJUnit4ClassRunner constructor called with [class MedicMagic.user.dao.UserDaoTest]
13:06:20.920 [main] DEBUG org.springframework.test.context.BootstrapUtils - Instantiating CacheAwareContextLoaderDelegate from class [org.springframework.test.context.cache.DefaultCacheAwareContextLoaderDelegate]
13:06:20.920 [main] DEBUG org.springframework.test.context.BootstrapUtils - Instantiating BootstrapContext using constructor [public org.springframework.test.context.support.DefaultBootstrapContext(java.lang.Class,org.springframework.test.context.CacheAwareContextLoaderDelegate)]
13:06:20.921 [main] DEBUG org.springframework.test.context.BootstrapUtils - Instantiating TestContextBootstrapper for test class [MedicMagic.user.dao.UserDaoTest] from class [org.springframework.test.context.support.DefaultTestContextBootstrapper]
13:06:20.921 [main] DEBUG org.springframework.test.context.support.AbstractDelegatingSmartContextLoader - Delegating to GenericXmlContextLoader to process context configuration [ContextConfigurationAttributes@59474f18 declaringClass = 'MedicMagic.user.dao.UserDaoTest', classes = '{}', locations = '{/test-applicationContext.xml}', inheritLocations = true, initializers = '{}', inheritInitializers = true, name = [null], contextLoaderClass = 'org.springframework.test.context.ContextLoader'].
13:06:20.923 [main] DEBUG org.springframework.test.context.support.ActiveProfilesUtils - Could not find an 'annotation declaring class' for annotation type [org.springframework.test.context.ActiveProfiles] and class [MedicMagic.user.dao.UserDaoTest]
13:06:20.924 [main] DEBUG org.springframework.test.context.support.DefaultTestContextBootstrapper - @TestExecutionListeners is not present for class [MedicMagic.user.dao.UserDaoTest]: using defaults.
13:06:20.924 [main] INFO org.springframework.test.context.support.DefaultTestContextBootstrapper - Loaded default TestExecutionListener class names from location [META-INF/spring.factories]: [org.springframework.boot.test.mock.mockito.MockitoTestExecutionListener, org.springframework.boot.test.mock.mockito.ResetMocksTestExecutionListener, org.springframework.boot.test.autoconfigure.restdocs.RestDocsTestExecutionListener, org.springframework.boot.test.autoconfigure.web.client.MockRestServiceServerResetTestExecutionListener, org.springframework.boot.test.autoconfigure.web.servlet.MockMvcPrintOnlyOnFailureTestExecutionListener, org.springframework.boot.test.autoconfigure.web.servlet.WebDriverTestExecutionListener, org.springframework.boot.test.autoconfigure.webservices.client.MockWebServiceServerTestExecutionListener, org.springframework.test.context.web.ServletTestExecutionListener, org.springframework.test.context.support.DirtiesContextBeforeModesTestExecutionListener, org.springframework.test.context.support.DependencyInjectionTestExecutionListener, org.springframework.test.context.support.DirtiesContextTestExecutionListener, org.springframework.test.context.transaction.TransactionalTestExecutionListener, org.springframework.test.context.jdbc.SqlScriptsTestExecutionListener]
13:06:20.925 [main] INFO org.springframework.test.context.support.DefaultTestContextBootstrapper - Using TestExecutionListeners: [org.springframework.test.context.web.ServletTestExecutionListener@65fb9ffc, org.springframework.test.context.support.DirtiesContextBeforeModesTestExecutionListener@3e694b3f, org.springframework.boot.test.mock.mockito.MockitoTestExecutionListener@1bb5a082, org.springframework.test.context.support.DependencyInjectionTestExecutionListener@78691363, org.springframework.test.context.support.DirtiesContextTestExecutionListener@41d477ed, org.springframework.test.context.transaction.TransactionalTestExecutionListener@3590fc5b, org.springframework.test.context.jdbc.SqlScriptsTestExecutionListener@397fbdb, org.springframework.boot.test.autoconfigure.webservices.client.MockWebServiceServerTestExecutionListener@33d512c1, org.springframework.boot.test.autoconfigure.web.servlet.MockMvcPrintOnlyOnFailureTestExecutionListener@515c6049, org.springframework.boot.test.autoconfigure.web.servlet.WebDriverTestExecutionListener@639c2c1d, org.springframework.boot.test.autoconfigure.restdocs.RestDocsTestExecutionListener@5fe94a96, org.springframework.boot.test.autoconfigure.web.client.MockRestServiceServerResetTestExecutionListener@443118b0, org.springframework.boot.test.mock.mockito.ResetMocksTestExecutionListener@765d7657]
13:06:20.925 [main] DEBUG org.springframework.test.annotation.ProfileValueUtils - Retrieved @ProfileValueSourceConfiguration [null] for test class [MedicMagic.user.dao.UserDaoTest]
13:06:20.925 [main] DEBUG org.springframework.test.annotation.ProfileValueUtils - Retrieved ProfileValueSource type [class org.springframework.test.annotation.SystemProfileValueSource] for class [MedicMagic.user.dao.UserDaoTest]
13:06:20.926 [main] DEBUG org.springframework.test.context.junit4.SpringJUnit4ClassRunner - SpringJUnit4ClassRunner constructor called with [class MedicMagic.user.service.UserServiceTest]
13:06:20.926 [main] DEBUG org.springframework.test.context.BootstrapUtils - Instantiating CacheAwareContextLoaderDelegate from class [org.springframework.test.context.cache.DefaultCacheAwareContextLoaderDelegate]
13:06:20.926 [main] DEBUG org.springframework.test.context.BootstrapUtils - Instantiating BootstrapContext using constructor [public org.springframework.test.context.support.DefaultBootstrapContext(java.lang.Class,org.springframework.test.context.CacheAwareContextLoaderDelegate)]
13:06:20.926 [main] DEBUG org.springframework.test.context.BootstrapUtils - Instantiating TestContextBootstrapper for test class [MedicMagic.user.service.UserServiceTest] from class [org.springframework.test.context.support.DefaultTestContextBootstrapper]
13:06:20.927 [main] DEBUG org.springframework.test.context.support.AbstractDelegatingSmartContextLoader - Delegating to GenericXmlContextLoader to process context configuration [ContextConfigurationAttributes@5e0e82ae declaringClass = 'MedicMagic.user.service.UserServiceTest', classes = '{}', locations = '{/test-applicationContext.xml}', inheritLocations = true, initializers = '{}', inheritInitializers = true, name = [null], contextLoaderClass = 'org.springframework.test.context.ContextLoader'].
13:06:20.929 [main] DEBUG org.springframework.test.context.support.ActiveProfilesUtils - Could not find an 'annotation declaring class' for annotation type [org.springframework.test.context.ActiveProfiles] and class [MedicMagic.user.service.UserServiceTest]
13:06:20.930 [main] DEBUG org.springframework.test.context.support.DefaultTestContextBootstrapper - @TestExecutionListeners is not present for class [MedicMagic.user.service.UserServiceTest]: using defaults.
13:06:20.930 [main] INFO org.springframework.test.context.support.DefaultTestContextBootstrapper - Loaded default TestExecutionListener class names from location [META-INF/spring.factories]: [org.springframework.boot.test.mock.mockito.MockitoTestExecutionListener, org.springframework.boot.test.mock.mockito.ResetMocksTestExecutionListener, org.springframework.boot.test.autoconfigure.restdocs.RestDocsTestExecutionListener, org.springframework.boot.test.autoconfigure.web.client.MockRestServiceServerResetTestExecutionListener, org.springframework.boot.test.autoconfigure.web.servlet.MockMvcPrintOnlyOnFailureTestExecutionListener, org.springframework.boot.test.autoconfigure.web.servlet.WebDriverTestExecutionListener, org.springframework.boot.test.autoconfigure.webservices.client.MockWebServiceServerTestExecutionListener, org.springframework.test.context.web.ServletTestExecutionListener, org.springframework.test.context.support.DirtiesContextBeforeModesTestExecutionListener, org.springframework.test.context.support.DependencyInjectionTestExecutionListener, org.springframework.test.context.support.DirtiesContextTestExecutionListener, org.springframework.test.context.transaction.TransactionalTestExecutionListener, org.springframework.test.context.jdbc.SqlScriptsTestExecutionListener]
13:06:20.930 [main] INFO org.springframework.test.context.support.DefaultTestContextBootstrapper - Using TestExecutionListeners: [org.springframework.test.context.web.ServletTestExecutionListener@6771beb3, org.springframework.test.context.support.DirtiesContextBeforeModesTestExecutionListener@51399530, org.springframework.boot.test.mock.mockito.MockitoTestExecutionListener@6b2ea799, org.springframework.test.context.support.DependencyInjectionTestExecutionListener@411f53a0, org.springframework.test.context.support.DirtiesContextTestExecutionListener@2b71e916, org.springframework.test.context.transaction.TransactionalTestExecutionListener@36fc695d, org.springframework.test.context.jdbc.SqlScriptsTestExecutionListener@28701274, org.springframework.boot.test.autoconfigure.webservices.client.MockWebServiceServerTestExecutionListener@13c9d689, org.springframework.boot.test.autoconfigure.web.servlet.MockMvcPrintOnlyOnFailureTestExecutionListener@3754a4bf, org.springframework.boot.test.autoconfigure.web.servlet.WebDriverTestExecutionListener@62379589, org.springframework.boot.test.autoconfigure.restdocs.RestDocsTestExecutionListener@4afcd809, org.springframework.boot.test.autoconfigure.web.client.MockRestServiceServerResetTestExecutionListener@175c2241, org.springframework.boot.test.mock.mockito.ResetMocksTestExecutionListener@5bf0d49]
13:06:20.930 [main] DEBUG org.springframework.test.annotation.ProfileValueUtils - Retrieved @ProfileValueSourceConfiguration [null] for test class [MedicMagic.user.service.UserServiceTest]
13:06:20.931 [main] DEBUG org.springframework.test.annotation.ProfileValueUtils - Retrieved ProfileValueSource type [class org.springframework.test.annotation.SystemProfileValueSource] for class [MedicMagic.user.service.UserServiceTest]
13:06:20.931 [main] DEBUG org.springframework.test.context.junit4.SpringJUnit4ClassRunner - SpringJUnit4ClassRunner constructor called with [class MedicMagic.userCalender.dao.userCalenderDaoTest]
13:06:20.931 [main] DEBUG org.springframework.test.context.BootstrapUtils - Instantiating CacheAwareContextLoaderDelegate from class [org.springframework.test.context.cache.DefaultCacheAwareContextLoaderDelegate]
13:06:20.932 [main] DEBUG org.springframework.test.context.BootstrapUtils - Instantiating BootstrapContext using constructor [public org.springframework.test.context.support.DefaultBootstrapContext(java.lang.Class,org.springframework.test.context.CacheAwareContextLoaderDelegate)]
13:06:20.932 [main] DEBUG org.springframework.test.context.BootstrapUtils - Instantiating TestContextBootstrapper for test class [MedicMagic.userCalender.dao.userCalenderDaoTest] from class [org.springframework.test.context.support.DefaultTestContextBootstrapper]
13:06:20.933 [main] DEBUG org.springframework.test.context.support.AbstractDelegatingSmartContextLoader - Delegating to GenericXmlContextLoader to process context configuration [ContextConfigurationAttributes@1d296da declaringClass = 'MedicMagic.userCalender.dao.userCalenderDaoTest', classes = '{}', locations = '{/test-applicationContext.xml}', inheritLocations = true, initializers = '{}', inheritInitializers = true, name = [null], contextLoaderClass = 'org.springframework.test.context.ContextLoader'].
13:06:20.935 [main] DEBUG org.springframework.test.context.support.ActiveProfilesUtils - Could not find an 'annotation declaring class' for annotation type [org.springframework.test.context.ActiveProfiles] and class [MedicMagic.userCalender.dao.userCalenderDaoTest]
13:06:20.935 [main] DEBUG org.springframework.test.context.support.DefaultTestContextBootstrapper - @TestExecutionListeners is not present for class [MedicMagic.userCalender.dao.userCalenderDaoTest]: using defaults.
13:06:20.935 [main] INFO org.springframework.test.context.support.DefaultTestContextBootstrapper - Loaded default TestExecutionListener class names from location [META-INF/spring.factories]: [org.springframework.boot.test.mock.mockito.MockitoTestExecutionListener, org.springframework.boot.test.mock.mockito.ResetMocksTestExecutionListener, org.springframework.boot.test.autoconfigure.restdocs.RestDocsTestExecutionListener, org.springframework.boot.test.autoconfigure.web.client.MockRestServiceServerResetTestExecutionListener, org.springframework.boot.test.autoconfigure.web.servlet.MockMvcPrintOnlyOnFailureTestExecutionListener, org.springframework.boot.test.autoconfigure.web.servlet.WebDriverTestExecutionListener, org.springframework.boot.test.autoconfigure.webservices.client.MockWebServiceServerTestExecutionListener, org.springframework.test.context.web.ServletTestExecutionListener, org.springframework.test.context.support.DirtiesContextBeforeModesTestExecutionListener, org.springframework.test.context.support.DependencyInjectionTestExecutionListener, org.springframework.test.context.support.DirtiesContextTestExecutionListener, org.springframework.test.context.transaction.TransactionalTestExecutionListener, org.springframework.test.context.jdbc.SqlScriptsTestExecutionListener]
13:06:20.936 [main] INFO org.springframework.test.context.support.DefaultTestContextBootstrapper - Using TestExecutionListeners: [org.springframework.test.context.web.ServletTestExecutionListener@7c7a06ec, org.springframework.test.context.support.DirtiesContextBeforeModesTestExecutionListener@75d4a5c2, org.springframework.boot.test.mock.mockito.MockitoTestExecutionListener@557caf28, org.springframework.test.context.support.DependencyInjectionTestExecutionListener@408d971b, org.springframework.test.context.support.DirtiesContextTestExecutionListener@6c6cb480, org.springframework.test.context.transaction.TransactionalTestExecutionListener@3c46e67a, org.springframework.test.context.jdbc.SqlScriptsTestExecutionListener@c730b35, org.springframework.boot.test.autoconfigure.webservices.client.MockWebServiceServerTestExecutionListener@206a70ef, org.springframework.boot.test.autoconfigure.web.servlet.MockMvcPrintOnlyOnFailureTestExecutionListener@292b08d6, org.springframework.boot.test.autoconfigure.web.servlet.WebDriverTestExecutionListener@22555ebf, org.springframework.boot.test.autoconfigure.restdocs.RestDocsTestExecutionListener@36ebc363, org.springframework.boot.test.autoconfigure.web.client.MockRestServiceServerResetTestExecutionListener@45752059, org.springframework.boot.test.mock.mockito.ResetMocksTestExecutionListener@34e9fd99]
13:06:20.936 [main] DEBUG org.springframework.test.annotation.ProfileValueUtils - Retrieved @ProfileValueSourceConfiguration [null] for test class [MedicMagic.userCalender.dao.userCalenderDaoTest]
13:06:20.936 [main] DEBUG org.springframework.test.annotation.ProfileValueUtils - Retrieved ProfileValueSource type [class org.springframework.test.annotation.SystemProfileValueSource] for class [MedicMagic.userCalender.dao.userCalenderDaoTest]
13:06:20.937 [main] DEBUG org.springframework.test.context.junit4.SpringJUnit4ClassRunner - SpringJUnit4ClassRunner constructor called with [class MedicMagic.userCalender.service.UserCalenderServiceTest]
13:06:20.937 [main] DEBUG org.springframework.test.context.BootstrapUtils - Instantiating CacheAwareContextLoaderDelegate from class [org.springframework.test.context.cache.DefaultCacheAwareContextLoaderDelegate]
13:06:20.938 [main] DEBUG org.springframework.test.context.BootstrapUtils - Instantiating BootstrapContext using constructor [public org.springframework.test.context.support.DefaultBootstrapContext(java.lang.Class,org.springframework.test.context.CacheAwareContextLoaderDelegate)]
13:06:20.938 [main] DEBUG org.springframework.test.context.BootstrapUtils - Instantiating TestContextBootstrapper for test class [MedicMagic.userCalender.service.UserCalenderServiceTest] from class [org.springframework.test.context.support.DefaultTestContextBootstrapper]
13:06:20.940 [main] DEBUG org.springframework.test.context.support.AbstractDelegatingSmartContextLoader - Delegating to GenericXmlContextLoader to process context configuration [ContextConfigurationAttributes@6025e1b6 declaringClass = 'MedicMagic.userCalender.service.UserCalenderServiceTest', classes = '{}', locations = '{/test-applicationContext.xml}', inheritLocations = true, initializers = '{}', inheritInitializers = true, name = [null], contextLoaderClass = 'org.springframework.test.context.ContextLoader'].
13:06:20.945 [main] DEBUG org.springframework.test.context.support.ActiveProfilesUtils - Could not find an 'annotation declaring class' for annotation type [org.springframework.test.context.ActiveProfiles] and class [MedicMagic.userCalender.service.UserCalenderServiceTest]
13:06:20.946 [main] DEBUG org.springframework.test.context.support.DefaultTestContextBootstrapper - @TestExecutionListeners is not present for class [MedicMagic.userCalender.service.UserCalenderServiceTest]: using defaults.
13:06:20.946 [main] INFO org.springframework.test.context.support.DefaultTestContextBootstrapper - Loaded default TestExecutionListener class names from location [META-INF/spring.factories]: [org.springframework.boot.test.mock.mockito.MockitoTestExecutionListener, org.springframework.boot.test.mock.mockito.ResetMocksTestExecutionListener, org.springframework.boot.test.autoconfigure.restdocs.RestDocsTestExecutionListener, org.springframework.boot.test.autoconfigure.web.client.MockRestServiceServerResetTestExecutionListener, org.springframework.boot.test.autoconfigure.web.servlet.MockMvcPrintOnlyOnFailureTestExecutionListener, org.springframework.boot.test.autoconfigure.web.servlet.WebDriverTestExecutionListener, org.springframework.boot.test.autoconfigure.webservices.client.MockWebServiceServerTestExecutionListener, org.springframework.test.context.web.ServletTestExecutionListener, org.springframework.test.context.support.DirtiesContextBeforeModesTestExecutionListener, org.springframework.test.context.support.DependencyInjectionTestExecutionListener, org.springframework.test.context.support.DirtiesContextTestExecutionListener, org.springframework.test.context.transaction.TransactionalTestExecutionListener, org.springframework.test.context.jdbc.SqlScriptsTestExecutionListener]
13:06:20.950 [main] INFO org.springframework.test.context.support.DefaultTestContextBootstrapper - Using TestExecutionListeners: [org.springframework.test.context.web.ServletTestExecutionListener@385c9627, org.springframework.test.context.support.DirtiesContextBeforeModesTestExecutionListener@139982de, org.springframework.boot.test.mock.mockito.MockitoTestExecutionListener@682b2fa, org.springframework.test.context.support.DependencyInjectionTestExecutionListener@217ed35e, org.springframework.test.context.support.DirtiesContextTestExecutionListener@7dcf94f8, org.springframework.test.context.transaction.TransactionalTestExecutionListener@229f66ed, org.springframework.test.context.jdbc.SqlScriptsTestExecutionListener@31190526, org.springframework.boot.test.autoconfigure.webservices.client.MockWebServiceServerTestExecutionListener@662ac478, org.springframework.boot.test.autoconfigure.web.servlet.MockMvcPrintOnlyOnFailureTestExecutionListener@6743e411, org.springframework.boot.test.autoconfigure.web.servlet.WebDriverTestExecutionListener@3eb25e1a, org.springframework.boot.test.autoconfigure.restdocs.RestDocsTestExecutionListener@477b4cdf, org.springframework.boot.test.autoconfigure.web.client.MockRestServiceServerResetTestExecutionListener@77c2494c, org.springframework.boot.test.mock.mockito.ResetMocksTestExecutionListener@f5958c9]
13:06:20.950 [main] DEBUG org.springframework.test.annotation.ProfileValueUtils - Retrieved @ProfileValueSourceConfiguration [null] for test class [MedicMagic.userCalender.service.UserCalenderServiceTest]
13:06:20.950 [main] DEBUG org.springframework.test.annotation.ProfileValueUtils - Retrieved ProfileValueSource type [class org.springframework.test.annotation.SystemProfileValueSource] for class [MedicMagic.userCalender.service.UserCalenderServiceTest]
13:06:20.951 [main] DEBUG org.springframework.test.context.junit4.SpringJUnit4ClassRunner - SpringJUnit4ClassRunner constructor called with [class MedicMagic.userGoal.dao.UserGoalTest]
13:06:20.951 [main] DEBUG org.springframework.test.context.BootstrapUtils - Instantiating CacheAwareContextLoaderDelegate from class [org.springframework.test.context.cache.DefaultCacheAwareContextLoaderDelegate]
13:06:20.951 [main] DEBUG org.springframework.test.context.BootstrapUtils - Instantiating BootstrapContext using constructor [public org.springframework.test.context.support.DefaultBootstrapContext(java.lang.Class,org.springframework.test.context.CacheAwareContextLoaderDelegate)]
13:06:20.952 [main] DEBUG org.springframework.test.context.BootstrapUtils - Instantiating TestContextBootstrapper for test class [MedicMagic.userGoal.dao.UserGoalTest] from class [org.springframework.test.context.support.DefaultTestContextBootstrapper]
13:06:20.952 [main] DEBUG org.springframework.test.context.support.AbstractDelegatingSmartContextLoader - Delegating to GenericXmlContextLoader to process context configuration [ContextConfigurationAttributes@5bda8e08 declaringClass = 'MedicMagic.userGoal.dao.UserGoalTest', classes = '{}', locations = '{/test-applicationContext.xml}', inheritLocations = true, initializers = '{}', inheritInitializers = true, name = [null], contextLoaderClass = 'org.springframework.test.context.ContextLoader'].
13:06:20.955 [main] DEBUG org.springframework.test.context.support.ActiveProfilesUtils - Could not find an 'annotation declaring class' for annotation type [org.springframework.test.context.ActiveProfiles] and class [MedicMagic.userGoal.dao.UserGoalTest]
13:06:20.955 [main] DEBUG org.springframework.test.context.support.DefaultTestContextBootstrapper - @TestExecutionListeners is not present for class [MedicMagic.userGoal.dao.UserGoalTest]: using defaults.
13:06:20.956 [main] INFO org.springframework.test.context.support.DefaultTestContextBootstrapper - Loaded default TestExecutionListener class names from location [META-INF/spring.factories]: [org.springframework.boot.test.mock.mockito.MockitoTestExecutionListener, org.springframework.boot.test.mock.mockito.ResetMocksTestExecutionListener, org.springframework.boot.test.autoconfigure.restdocs.RestDocsTestExecutionListener, org.springframework.boot.test.autoconfigure.web.client.MockRestServiceServerResetTestExecutionListener, org.springframework.boot.test.autoconfigure.web.servlet.MockMvcPrintOnlyOnFailureTestExecutionListener, org.springframework.boot.test.autoconfigure.web.servlet.WebDriverTestExecutionListener, org.springframework.boot.test.autoconfigure.webservices.client.MockWebServiceServerTestExecutionListener, org.springframework.test.context.web.ServletTestExecutionListener, org.springframework.test.context.support.DirtiesContextBeforeModesTestExecutionListener, org.springframework.test.context.support.DependencyInjectionTestExecutionListener, org.springframework.test.context.support.DirtiesContextTestExecutionListener, org.springframework.test.context.transaction.TransactionalTestExecutionListener, org.springframework.test.context.jdbc.SqlScriptsTestExecutionListener]
13:06:20.956 [main] INFO org.springframework.test.context.support.DefaultTestContextBootstrapper - Using TestExecutionListeners: [org.springframework.test.context.web.ServletTestExecutionListener@1e800aaa, org.springframework.test.context.support.DirtiesContextBeforeModesTestExecutionListener@185a6e9, org.springframework.boot.test.mock.mockito.MockitoTestExecutionListener@6f03482, org.springframework.test.context.support.DependencyInjectionTestExecutionListener@9d5509a, org.springframework.test.context.support.DirtiesContextTestExecutionListener@179ece50, org.springframework.test.context.transaction.TransactionalTestExecutionListener@3b0090a4, org.springframework.test.context.jdbc.SqlScriptsTestExecutionListener@3cd3e762, org.springframework.boot.test.autoconfigure.webservices.client.MockWebServiceServerTestExecutionListener@1fa121e2, org.springframework.boot.test.autoconfigure.web.servlet.MockMvcPrintOnlyOnFailureTestExecutionListener@7eac9008, org.springframework.boot.test.autoconfigure.web.servlet.WebDriverTestExecutionListener@4116aac9, org.springframework.boot.test.autoconfigure.restdocs.RestDocsTestExecutionListener@62ddbd7e, org.springframework.boot.test.autoconfigure.web.client.MockRestServiceServerResetTestExecutionListener@74e52ef6, org.springframework.boot.test.mock.mockito.ResetMocksTestExecutionListener@6ed3ccb2]
13:06:20.957 [main] DEBUG org.springframework.test.annotation.ProfileValueUtils - Retrieved @ProfileValueSourceConfiguration [null] for test class [MedicMagic.userGoal.dao.UserGoalTest]
13:06:20.957 [main] DEBUG org.springframework.test.annotation.ProfileValueUtils - Retrieved ProfileValueSource type [class org.springframework.test.annotation.SystemProfileValueSource] for class [MedicMagic.userGoal.dao.UserGoalTest]
13:06:20.958 [main] DEBUG org.springframework.test.context.junit4.SpringJUnit4ClassRunner - SpringJUnit4ClassRunner constructor called with [class MedicMagic.userGoal.service.UserGoalServiceTest]
13:06:20.958 [main] DEBUG org.springframework.test.context.BootstrapUtils - Instantiating CacheAwareContextLoaderDelegate from class [org.springframework.test.context.cache.DefaultCacheAwareContextLoaderDelegate]
13:06:20.958 [main] DEBUG org.springframework.test.context.BootstrapUtils - Instantiating BootstrapContext using constructor [public org.springframework.test.context.support.DefaultBootstrapContext(java.lang.Class,org.springframework.test.context.CacheAwareContextLoaderDelegate)]
13:06:20.958 [main] DEBUG org.springframework.test.context.BootstrapUtils - Instantiating TestContextBootstrapper for test class [MedicMagic.userGoal.service.UserGoalServiceTest] from class [org.springframework.test.context.support.DefaultTestContextBootstrapper]
13:06:20.959 [main] DEBUG org.springframework.test.context.support.AbstractDelegatingSmartContextLoader - Delegating to GenericXmlContextLoader to process context configuration [ContextConfigurationAttributes@15de0b3c declaringClass = 'MedicMagic.userGoal.service.UserGoalServiceTest', classes = '{}', locations = '{/test-applicationContext.xml}', inheritLocations = true, initializers = '{}', inheritInitializers = true, name = [null], contextLoaderClass = 'org.springframework.test.context.ContextLoader'].
13:06:20.960 [main] DEBUG org.springframework.test.context.support.ActiveProfilesUtils - Could not find an 'annotation declaring class' for annotation type [org.springframework.test.context.ActiveProfiles] and class [MedicMagic.userGoal.service.UserGoalServiceTest]
13:06:20.960 [main] DEBUG org.springframework.test.context.support.DefaultTestContextBootstrapper - @TestExecutionListeners is not present for class [MedicMagic.userGoal.service.UserGoalServiceTest]: using defaults.
13:06:20.960 [main] INFO org.springframework.test.context.support.DefaultTestContextBootstrapper - Loaded default TestExecutionListener class names from location [META-INF/spring.factories]: [org.springframework.boot.test.mock.mockito.MockitoTestExecutionListener, org.springframework.boot.test.mock.mockito.ResetMocksTestExecutionListener, org.springframework.boot.test.autoconfigure.restdocs.RestDocsTestExecutionListener, org.springframework.boot.test.autoconfigure.web.client.MockRestServiceServerResetTestExecutionListener, org.springframework.boot.test.autoconfigure.web.servlet.MockMvcPrintOnlyOnFailureTestExecutionListener, org.springframework.boot.test.autoconfigure.web.servlet.WebDriverTestExecutionListener, org.springframework.boot.test.autoconfigure.webservices.client.MockWebServiceServerTestExecutionListener, org.springframework.test.context.web.ServletTestExecutionListener, org.springframework.test.context.support.DirtiesContextBeforeModesTestExecutionListener, org.springframework.test.context.support.DependencyInjectionTestExecutionListener, org.springframework.test.context.support.DirtiesContextTestExecutionListener, org.springframework.test.context.transaction.TransactionalTestExecutionListener, org.springframework.test.context.jdbc.SqlScriptsTestExecutionListener]
13:06:20.961 [main] INFO org.springframework.test.context.support.DefaultTestContextBootstrapper - Using TestExecutionListeners: [org.springframework.test.context.web.ServletTestExecutionListener@489115ef, org.springframework.test.context.support.DirtiesContextBeforeModesTestExecutionListener@3857f613, org.springframework.boot.test.mock.mockito.MockitoTestExecutionListener@198b6731, org.springframework.test.context.support.DependencyInjectionTestExecutionListener@7c6908d7, org.springframework.test.context.support.DirtiesContextTestExecutionListener@3c9754d8, org.springframework.test.context.transaction.TransactionalTestExecutionListener@3bf7ca37, org.springframework.test.context.jdbc.SqlScriptsTestExecutionListener@79079097, org.springframework.boot.test.autoconfigure.webservices.client.MockWebServiceServerTestExecutionListener@4d1c00d0, org.springframework.boot.test.autoconfigure.web.servlet.MockMvcPrintOnlyOnFailureTestExecutionListener@4b2bac3f, org.springframework.boot.test.autoconfigure.web.servlet.WebDriverTestExecutionListener@4e08711f, org.springframework.boot.test.autoconfigure.restdocs.RestDocsTestExecutionListener@bcec361, org.springframework.boot.test.autoconfigure.web.client.MockRestServiceServerResetTestExecutionListener@26794848, org.springframework.boot.test.mock.mockito.ResetMocksTestExecutionListener@302552ec]
13:06:20.961 [main] DEBUG org.springframework.test.annotation.ProfileValueUtils - Retrieved @ProfileValueSourceConfiguration [null] for test class [MedicMagic.userGoal.service.UserGoalServiceTest]
13:06:20.961 [main] DEBUG org.springframework.test.annotation.ProfileValueUtils - Retrieved ProfileValueSource type [class org.springframework.test.annotation.SystemProfileValueSource] for class [MedicMagic.userGoal.service.UserGoalServiceTest]
13:06:20.962 [main] DEBUG org.springframework.test.context.junit4.SpringJUnit4ClassRunner - SpringJUnit4ClassRunner constructor called with [class MedicMagic.userMucus.dao.UserMucusDaoTest]
13:06:20.962 [main] DEBUG org.springframework.test.context.BootstrapUtils - Instantiating CacheAwareContextLoaderDelegate from class [org.springframework.test.context.cache.DefaultCacheAwareContextLoaderDelegate]
13:06:20.962 [main] DEBUG org.springframework.test.context.BootstrapUtils - Instantiating BootstrapContext using constructor [public org.springframework.test.context.support.DefaultBootstrapContext(java.lang.Class,org.springframework.test.context.CacheAwareContextLoaderDelegate)]
13:06:20.963 [main] DEBUG org.springframework.test.context.BootstrapUtils - Instantiating TestContextBootstrapper for test class [MedicMagic.userMucus.dao.UserMucusDaoTest] from class [org.springframework.test.context.support.DefaultTestContextBootstrapper]
13:06:20.963 [main] DEBUG org.springframework.test.context.support.AbstractDelegatingSmartContextLoader - Delegating to GenericXmlContextLoader to process context configuration [ContextConfigurationAttributes@2cd76f31 declaringClass = 'MedicMagic.userMucus.dao.UserMucusDaoTest', classes = '{}', locations = '{/test-applicationContext.xml}', inheritLocations = true, initializers = '{}', inheritInitializers = true, name = [null], contextLoaderClass = 'org.springframework.test.context.ContextLoader'].
13:06:20.965 [main] DEBUG org.springframework.test.context.support.ActiveProfilesUtils - Could not find an 'annotation declaring class' for annotation type [org.springframework.test.context.ActiveProfiles] and class [MedicMagic.userMucus.dao.UserMucusDaoTest]
13:06:20.965 [main] DEBUG org.springframework.test.context.support.DefaultTestContextBootstrapper - @TestExecutionListeners is not present for class [MedicMagic.userMucus.dao.UserMucusDaoTest]: using defaults.
13:06:20.966 [main] INFO org.springframework.test.context.support.DefaultTestContextBootstrapper - Loaded default TestExecutionListener class names from location [META-INF/spring.factories]: [org.springframework.boot.test.mock.mockito.MockitoTestExecutionListener, org.springframework.boot.test.mock.mockito.ResetMocksTestExecutionListener, org.springframework.boot.test.autoconfigure.restdocs.RestDocsTestExecutionListener, org.springframework.boot.test.autoconfigure.web.client.MockRestServiceServerResetTestExecutionListener, org.springframework.boot.test.autoconfigure.web.servlet.MockMvcPrintOnlyOnFailureTestExecutionListener, org.springframework.boot.test.autoconfigure.web.servlet.WebDriverTestExecutionListener, org.springframework.boot.test.autoconfigure.webservices.client.MockWebServiceServerTestExecutionListener, org.springframework.test.context.web.ServletTestExecutionListener, org.springframework.test.context.support.DirtiesContextBeforeModesTestExecutionListener, org.springframework.test.context.support.DependencyInjectionTestExecutionListener, org.springframework.test.context.support.DirtiesContextTestExecutionListener, org.springframework.test.context.transaction.TransactionalTestExecutionListener, org.springframework.test.context.jdbc.SqlScriptsTestExecutionListener]
13:06:20.966 [main] INFO org.springframework.test.context.support.DefaultTestContextBootstrapper - Using TestExecutionListeners: [org.springframework.test.context.web.ServletTestExecutionListener@367ffa75, org.springframework.test.context.support.DirtiesContextBeforeModesTestExecutionListener@49438269, org.springframework.boot.test.mock.mockito.MockitoTestExecutionListener@ba2f4ec, org.springframework.test.context.support.DependencyInjectionTestExecutionListener@1c1bbc4e, org.springframework.test.context.support.DirtiesContextTestExecutionListener@55fe41ea, org.springframework.test.context.transaction.TransactionalTestExecutionListener@fbd1f6, org.springframework.test.context.jdbc.SqlScriptsTestExecutionListener@1ce24091, org.springframework.boot.test.autoconfigure.webservices.client.MockWebServiceServerTestExecutionListener@5dda768f, org.springframework.boot.test.autoconfigure.web.servlet.MockMvcPrintOnlyOnFailureTestExecutionListener@7a8c8dcf, org.springframework.boot.test.autoconfigure.web.servlet.WebDriverTestExecutionListener@24269709, org.springframework.boot.test.autoconfigure.restdocs.RestDocsTestExecutionListener@2aceadd4, org.springframework.boot.test.autoconfigure.web.client.MockRestServiceServerResetTestExecutionListener@24aed80c, org.springframework.boot.test.mock.mockito.ResetMocksTestExecutionListener@3a52dba3]
13:06:20.966 [main] DEBUG org.springframework.test.annotation.ProfileValueUtils - Retrieved @ProfileValueSourceConfiguration [null] for test class [MedicMagic.userMucus.dao.UserMucusDaoTest]
13:06:20.966 [main] DEBUG org.springframework.test.annotation.ProfileValueUtils - Retrieved ProfileValueSource type [class org.springframework.test.annotation.SystemProfileValueSource] for class [MedicMagic.userMucus.dao.UserMucusDaoTest]
13:06:20.967 [main] DEBUG org.springframework.test.context.junit4.SpringJUnit4ClassRunner - SpringJUnit4ClassRunner constructor called with [class MedicMagic.userMucus.service.UserMucusServiceTest]
13:06:20.968 [main] DEBUG org.springframework.test.context.BootstrapUtils - Instantiating CacheAwareContextLoaderDelegate from class [org.springframework.test.context.cache.DefaultCacheAwareContextLoaderDelegate]
13:06:20.968 [main] DEBUG org.springframework.test.context.BootstrapUtils - Instantiating BootstrapContext using constructor [public org.springframework.test.context.support.DefaultBootstrapContext(java.lang.Class,org.springframework.test.context.CacheAwareContextLoaderDelegate)]
13:06:20.968 [main] DEBUG org.springframework.test.context.BootstrapUtils - Instantiating TestContextBootstrapper for test class [MedicMagic.userMucus.service.UserMucusServiceTest] from class [org.springframework.test.context.support.DefaultTestContextBootstrapper]
13:06:20.969 [main] DEBUG org.springframework.test.context.support.AbstractDelegatingSmartContextLoader - Delegating to GenericXmlContextLoader to process context configuration [ContextConfigurationAttributes@752325ad declaringClass = 'MedicMagic.userMucus.service.UserMucusServiceTest', classes = '{}', locations = '{/test-applicationContext.xml}', inheritLocations = true, initializers = '{}', inheritInitializers = true, name = [null], contextLoaderClass = 'org.springframework.test.context.ContextLoader'].
13:06:20.971 [main] DEBUG org.springframework.test.context.support.ActiveProfilesUtils - Could not find an 'annotation declaring class' for annotation type [org.springframework.test.context.ActiveProfiles] and class [MedicMagic.userMucus.service.UserMucusServiceTest]
13:06:20.971 [main] DEBUG org.springframework.test.context.support.DefaultTestContextBootstrapper - @TestExecutionListeners is not present for class [MedicMagic.userMucus.service.UserMucusServiceTest]: using defaults.
13:06:20.971 [main] INFO org.springframework.test.context.support.DefaultTestContextBootstrapper - Loaded default TestExecutionListener class names from location [META-INF/spring.factories]: [org.springframework.boot.test.mock.mockito.MockitoTestExecutionListener, org.springframework.boot.test.mock.mockito.ResetMocksTestExecutionListener, org.springframework.boot.test.autoconfigure.restdocs.RestDocsTestExecutionListener, org.springframework.boot.test.autoconfigure.web.client.MockRestServiceServerResetTestExecutionListener, org.springframework.boot.test.autoconfigure.web.servlet.MockMvcPrintOnlyOnFailureTestExecutionListener, org.springframework.boot.test.autoconfigure.web.servlet.WebDriverTestExecutionListener, org.springframework.boot.test.autoconfigure.webservices.client.MockWebServiceServerTestExecutionListener, org.springframework.test.context.web.ServletTestExecutionListener, org.springframework.test.context.support.DirtiesContextBeforeModesTestExecutionListener, org.springframework.test.context.support.DependencyInjectionTestExecutionListener, org.springframework.test.context.support.DirtiesContextTestExecutionListener, org.springframework.test.context.transaction.TransactionalTestExecutionListener, org.springframework.test.context.jdbc.SqlScriptsTestExecutionListener]
13:06:20.972 [main] INFO org.springframework.test.context.support.DefaultTestContextBootstrapper - Using TestExecutionListeners: [org.springframework.test.context.web.ServletTestExecutionListener@279fedbd, org.springframework.test.context.support.DirtiesContextBeforeModesTestExecutionListener@b3ca52e, org.springframework.boot.test.mock.mockito.MockitoTestExecutionListener@45c7e403, org.springframework.test.context.support.DependencyInjectionTestExecutionListener@2925bf5b, org.springframework.test.context.support.DirtiesContextTestExecutionListener@710f4dc7, org.springframework.test.context.transaction.TransactionalTestExecutionListener@1ff4931d, org.springframework.test.context.jdbc.SqlScriptsTestExecutionListener@65e98b1c, org.springframework.boot.test.autoconfigure.webservices.client.MockWebServiceServerTestExecutionListener@61322f9d, org.springframework.boot.test.autoconfigure.web.servlet.MockMvcPrintOnlyOnFailureTestExecutionListener@6ad82709, org.springframework.boot.test.autoconfigure.web.servlet.WebDriverTestExecutionListener@510f3d34, org.springframework.boot.test.autoconfigure.restdocs.RestDocsTestExecutionListener@7817fd62, org.springframework.boot.test.autoconfigure.web.client.MockRestServiceServerResetTestExecutionListener@8297b3a, org.springframework.boot.test.mock.mockito.ResetMocksTestExecutionListener@2362f559]
13:06:20.972 [main] DEBUG org.springframework.test.annotation.ProfileValueUtils - Retrieved @ProfileValueSourceConfiguration [null] for test class [MedicMagic.userMucus.service.UserMucusServiceTest]
13:06:20.972 [main] DEBUG org.springframework.test.annotation.ProfileValueUtils - Retrieved ProfileValueSource type [class org.springframework.test.annotation.SystemProfileValueSource] for class [MedicMagic.userMucus.service.UserMucusServiceTest]
13:06:20.973 [main] DEBUG org.springframework.test.context.junit4.SpringJUnit4ClassRunner - SpringJUnit4ClassRunner constructor called with [class MedicMagic.userReminder.dao.UserReminderDaoTest]
13:06:20.973 [main] DEBUG org.springframework.test.context.BootstrapUtils - Instantiating CacheAwareContextLoaderDelegate from class [org.springframework.test.context.cache.DefaultCacheAwareContextLoaderDelegate]
13:06:20.973 [main] DEBUG org.springframework.test.context.BootstrapUtils - Instantiating BootstrapContext using constructor [public org.springframework.test.context.support.DefaultBootstrapContext(java.lang.Class,org.springframework.test.context.CacheAwareContextLoaderDelegate)]
13:06:20.973 [main] DEBUG org.springframework.test.context.BootstrapUtils - Instantiating TestContextBootstrapper for test class [MedicMagic.userReminder.dao.UserReminderDaoTest] from class [org.springframework.test.context.support.DefaultTestContextBootstrapper]
13:06:20.974 [main] DEBUG org.springframework.test.context.support.AbstractDelegatingSmartContextLoader - Delegating to GenericXmlContextLoader to process context configuration [ContextConfigurationAttributes@fa4c865 declaringClass = 'MedicMagic.userReminder.dao.UserReminderDaoTest', classes = '{}', locations = '{/test-applicationContext.xml}', inheritLocations = true, initializers = '{}', inheritInitializers = true, name = [null], contextLoaderClass = 'org.springframework.test.context.ContextLoader'].
13:06:20.975 [main] DEBUG org.springframework.test.context.support.ActiveProfilesUtils - Could not find an 'annotation declaring class' for annotation type [org.springframework.test.context.ActiveProfiles] and class [MedicMagic.userReminder.dao.UserReminderDaoTest]
13:06:20.975 [main] DEBUG org.springframework.test.context.support.DefaultTestContextBootstrapper - @TestExecutionListeners is not present for class [MedicMagic.userReminder.dao.UserReminderDaoTest]: using defaults.
13:06:20.975 [main] INFO org.springframework.test.context.support.DefaultTestContextBootstrapper - Loaded default TestExecutionListener class names from location [META-INF/spring.factories]: [org.springframework.boot.test.mock.mockito.MockitoTestExecutionListener, org.springframework.boot.test.mock.mockito.ResetMocksTestExecutionListener, org.springframework.boot.test.autoconfigure.restdocs.RestDocsTestExecutionListener, org.springframework.boot.test.autoconfigure.web.client.MockRestServiceServerResetTestExecutionListener, org.springframework.boot.test.autoconfigure.web.servlet.MockMvcPrintOnlyOnFailureTestExecutionListener, org.springframework.boot.test.autoconfigure.web.servlet.WebDriverTestExecutionListener, org.springframework.boot.test.autoconfigure.webservices.client.MockWebServiceServerTestExecutionListener, org.springframework.test.context.web.ServletTestExecutionListener, org.springframework.test.context.support.DirtiesContextBeforeModesTestExecutionListener, org.springframework.test.context.support.DependencyInjectionTestExecutionListener, org.springframework.test.context.support.DirtiesContextTestExecutionListener, org.springframework.test.context.transaction.TransactionalTestExecutionListener, org.springframework.test.context.jdbc.SqlScriptsTestExecutionListener]
13:06:20.975 [main] INFO org.springframework.test.context.support.DefaultTestContextBootstrapper - Using TestExecutionListeners: [org.springframework.test.context.web.ServletTestExecutionListener@3bd82cf5, org.springframework.test.context.support.DirtiesContextBeforeModesTestExecutionListener@544fa968, org.springframework.boot.test.mock.mockito.MockitoTestExecutionListener@247bddad, org.springframework.test.context.support.DependencyInjectionTestExecutionListener@d35dea7, org.springframework.test.context.support.DirtiesContextTestExecutionListener@7770f470, org.springframework.test.context.transaction.TransactionalTestExecutionListener@5e5d171f, org.springframework.test.context.jdbc.SqlScriptsTestExecutionListener@24313fcc, org.springframework.boot.test.autoconfigure.webservices.client.MockWebServiceServerTestExecutionListener@7d20d0b, org.springframework.boot.test.autoconfigure.web.servlet.MockMvcPrintOnlyOnFailureTestExecutionListener@77f1baf5, org.springframework.boot.test.autoconfigure.web.servlet.WebDriverTestExecutionListener@41a2befb, org.springframework.boot.test.autoconfigure.restdocs.RestDocsTestExecutionListener@6c40365c, org.springframework.boot.test.autoconfigure.web.client.MockRestServiceServerResetTestExecutionListener@7bedc48a, org.springframework.boot.test.mock.mockito.ResetMocksTestExecutionListener@131ef10]
13:06:20.976 [main] DEBUG org.springframework.test.annotation.ProfileValueUtils - Retrieved @ProfileValueSourceConfiguration [null] for test class [MedicMagic.userReminder.dao.UserReminderDaoTest]
13:06:20.976 [main] DEBUG org.springframework.test.annotation.ProfileValueUtils - Retrieved ProfileValueSource type [class org.springframework.test.annotation.SystemProfileValueSource] for class [MedicMagic.userReminder.dao.UserReminderDaoTest]
13:06:20.976 [main] DEBUG org.springframework.test.context.junit4.SpringJUnit4ClassRunner - SpringJUnit4ClassRunner constructor called with [class MedicMagic.userReminder.service.UserReminderServiceTest]
13:06:20.976 [main] DEBUG org.springframework.test.context.BootstrapUtils - Instantiating CacheAwareContextLoaderDelegate from class [org.springframework.test.context.cache.DefaultCacheAwareContextLoaderDelegate]
13:06:20.976 [main] DEBUG org.springframework.test.context.BootstrapUtils - Instantiating BootstrapContext using constructor [public org.springframework.test.context.support.DefaultBootstrapContext(java.lang.Class,org.springframework.test.context.CacheAwareContextLoaderDelegate)]
13:06:20.977 [main] DEBUG org.springframework.test.context.BootstrapUtils - Instantiating TestContextBootstrapper for test class [MedicMagic.userReminder.service.UserReminderServiceTest] from class [org.springframework.test.context.support.DefaultTestContextBootstrapper]
13:06:20.978 [main] DEBUG org.springframework.test.context.support.AbstractDelegatingSmartContextLoader - Delegating to GenericXmlContextLoader to process context configuration [ContextConfigurationAttributes@38afe297 declaringClass = 'MedicMagic.userReminder.service.UserReminderServiceTest', classes = '{}', locations = '{/test-applicationContext.xml}', inheritLocations = true, initializers = '{}', inheritInitializers = true, name = [null], contextLoaderClass = 'org.springframework.test.context.ContextLoader'].
13:06:20.979 [main] DEBUG org.springframework.test.context.support.ActiveProfilesUtils - Could not find an 'annotation declaring class' for annotation type [org.springframework.test.context.ActiveProfiles] and class [MedicMagic.userReminder.service.UserReminderServiceTest]
13:06:20.980 [main] DEBUG org.springframework.test.context.support.DefaultTestContextBootstrapper - @TestExecutionListeners is not present for class [MedicMagic.userReminder.service.UserReminderServiceTest]: using defaults.
13:06:20.980 [main] INFO org.springframework.test.context.support.DefaultTestContextBootstrapper - Loaded default TestExecutionListener class names from location [META-INF/spring.factories]: [org.springframework.boot.test.mock.mockito.MockitoTestExecutionListener, org.springframework.boot.test.mock.mockito.ResetMocksTestExecutionListener, org.springframework.boot.test.autoconfigure.restdocs.RestDocsTestExecutionListener, org.springframework.boot.test.autoconfigure.web.client.MockRestServiceServerResetTestExecutionListener, org.springframework.boot.test.autoconfigure.web.servlet.MockMvcPrintOnlyOnFailureTestExecutionListener, org.springframework.boot.test.autoconfigure.web.servlet.WebDriverTestExecutionListener, org.springframework.boot.test.autoconfigure.webservices.client.MockWebServiceServerTestExecutionListener, org.springframework.test.context.web.ServletTestExecutionListener, org.springframework.test.context.support.DirtiesContextBeforeModesTestExecutionListener, org.springframework.test.context.support.DependencyInjectionTestExecutionListener, org.springframework.test.context.support.DirtiesContextTestExecutionListener, org.springframework.test.context.transaction.TransactionalTestExecutionListener, org.springframework.test.context.jdbc.SqlScriptsTestExecutionListener]
13:06:20.980 [main] INFO org.springframework.test.context.support.DefaultTestContextBootstrapper - Using TestExecutionListeners: [org.springframework.test.context.web.ServletTestExecutionListener@2df3b89c, org.springframework.test.context.support.DirtiesContextBeforeModesTestExecutionListener@23348b5d, org.springframework.boot.test.mock.mockito.MockitoTestExecutionListener@70325e14, org.springframework.test.context.support.DependencyInjectionTestExecutionListener@37ceb1df, org.springframework.test.context.support.DirtiesContextTestExecutionListener@7c9d8e2, org.springframework.test.context.transaction.TransactionalTestExecutionListener@20d525, org.springframework.test.context.jdbc.SqlScriptsTestExecutionListener@6200f9cb, org.springframework.boot.test.autoconfigure.webservices.client.MockWebServiceServerTestExecutionListener@2002fc1d, org.springframework.boot.test.autoconfigure.web.servlet.MockMvcPrintOnlyOnFailureTestExecutionListener@69453e37, org.springframework.boot.test.autoconfigure.web.servlet.WebDriverTestExecutionListener@6f4a47c7, org.springframework.boot.test.autoconfigure.restdocs.RestDocsTestExecutionListener@ae13544, org.springframework.boot.test.autoconfigure.web.client.MockRestServiceServerResetTestExecutionListener@3d34d211, org.springframework.boot.test.mock.mockito.ResetMocksTestExecutionListener@7dc0f706]
13:06:20.980 [main] DEBUG org.springframework.test.annotation.ProfileValueUtils - Retrieved @ProfileValueSourceConfiguration [null] for test class [MedicMagic.userReminder.service.UserReminderServiceTest]
13:06:20.980 [main] DEBUG org.springframework.test.annotation.ProfileValueUtils - Retrieved ProfileValueSource type [class org.springframework.test.annotation.SystemProfileValueSource] for class [MedicMagic.userReminder.service.UserReminderServiceTest]
13:06:20.980 [main] DEBUG org.springframework.test.context.junit4.SpringJUnit4ClassRunner - SpringJUnit4ClassRunner constructor called with [class MedicMagic.userSymptom.dao.UserSymptomDaoTest]
13:06:20.981 [main] DEBUG org.springframework.test.context.BootstrapUtils - Instantiating CacheAwareContextLoaderDelegate from class [org.springframework.test.context.cache.DefaultCacheAwareContextLoaderDelegate]
13:06:20.981 [main] DEBUG org.springframework.test.context.BootstrapUtils - Instantiating BootstrapContext using constructor [public org.springframework.test.context.support.DefaultBootstrapContext(java.lang.Class,org.springframework.test.context.CacheAwareContextLoaderDelegate)]
13:06:20.981 [main] DEBUG org.springframework.test.context.BootstrapUtils - Instantiating TestContextBootstrapper for test class [MedicMagic.userSymptom.dao.UserSymptomDaoTest] from class [org.springframework.test.context.support.DefaultTestContextBootstrapper]
13:06:20.981 [main] DEBUG org.springframework.test.context.support.AbstractDelegatingSmartContextLoader - Delegating to GenericXmlContextLoader to process context configuration [ContextConfigurationAttributes@22fcf7ab declaringClass = 'MedicMagic.userSymptom.dao.UserSymptomDaoTest', classes = '{}', locations = '{/test-applicationContext.xml}', inheritLocations = true, initializers = '{}', inheritInitializers = true, name = [null], contextLoaderClass = 'org.springframework.test.context.ContextLoader'].
13:06:20.983 [main] DEBUG org.springframework.test.context.support.ActiveProfilesUtils - Could not find an 'annotation declaring class' for annotation type [org.springframework.test.context.ActiveProfiles] and class [MedicMagic.userSymptom.dao.UserSymptomDaoTest]
13:06:20.983 [main] DEBUG org.springframework.test.context.support.DefaultTestContextBootstrapper - @TestExecutionListeners is not present for class [MedicMagic.userSymptom.dao.UserSymptomDaoTest]: using defaults.
13:06:20.984 [main] INFO org.springframework.test.context.support.DefaultTestContextBootstrapper - Loaded default TestExecutionListener class names from location [META-INF/spring.factories]: [org.springframework.boot.test.mock.mockito.MockitoTestExecutionListener, org.springframework.boot.test.mock.mockito.ResetMocksTestExecutionListener, org.springframework.boot.test.autoconfigure.restdocs.RestDocsTestExecutionListener, org.springframework.boot.test.autoconfigure.web.client.MockRestServiceServerResetTestExecutionListener, org.springframework.boot.test.autoconfigure.web.servlet.MockMvcPrintOnlyOnFailureTestExecutionListener, org.springframework.boot.test.autoconfigure.web.servlet.WebDriverTestExecutionListener, org.springframework.boot.test.autoconfigure.webservices.client.MockWebServiceServerTestExecutionListener, org.springframework.test.context.web.ServletTestExecutionListener, org.springframework.test.context.support.DirtiesContextBeforeModesTestExecutionListener, org.springframework.test.context.support.DependencyInjectionTestExecutionListener, org.springframework.test.context.support.DirtiesContextTestExecutionListener, org.springframework.test.context.transaction.TransactionalTestExecutionListener, org.springframework.test.context.jdbc.SqlScriptsTestExecutionListener]
13:06:20.984 [main] INFO org.springframework.test.context.support.DefaultTestContextBootstrapper - Using TestExecutionListeners: [org.springframework.test.context.web.ServletTestExecutionListener@2de23121, org.springframework.test.context.support.DirtiesContextBeforeModesTestExecutionListener@63475ace, org.springframework.boot.test.mock.mockito.MockitoTestExecutionListener@4988d8b8, org.springframework.test.context.support.DependencyInjectionTestExecutionListener@c0c2f8d, org.springframework.test.context.support.DirtiesContextTestExecutionListener@305b7c14, org.springframework.test.context.transaction.TransactionalTestExecutionListener@6913c1fb, org.springframework.test.context.jdbc.SqlScriptsTestExecutionListener@66d18979, org.springframework.boot.test.autoconfigure.webservices.client.MockWebServiceServerTestExecutionListener@bccb269, org.springframework.boot.test.autoconfigure.web.servlet.MockMvcPrintOnlyOnFailureTestExecutionListener@609cd4d8, org.springframework.boot.test.autoconfigure.web.servlet.WebDriverTestExecutionListener@17f7cd29, org.springframework.boot.test.autoconfigure.restdocs.RestDocsTestExecutionListener@7d8704ef, org.springframework.boot.test.autoconfigure.web.client.MockRestServiceServerResetTestExecutionListener@13b6aecc, org.springframework.boot.test.mock.mockito.ResetMocksTestExecutionListener@158a8276]
13:06:20.985 [main] DEBUG org.springframework.test.annotation.ProfileValueUtils - Retrieved @ProfileValueSourceConfiguration [null] for test class [MedicMagic.userSymptom.dao.UserSymptomDaoTest]
13:06:20.985 [main] DEBUG org.springframework.test.annotation.ProfileValueUtils - Retrieved ProfileValueSource type [class org.springframework.test.annotation.SystemProfileValueSource] for class [MedicMagic.userSymptom.dao.UserSymptomDaoTest]
13:06:20.985 [main] DEBUG org.springframework.test.context.junit4.SpringJUnit4ClassRunner - SpringJUnit4ClassRunner constructor called with [class MedicMagic.userSymptom.service.UserSymptomServiceTest]
13:06:20.985 [main] DEBUG org.springframework.test.context.BootstrapUtils - Instantiating CacheAwareContextLoaderDelegate from class [org.springframework.test.context.cache.DefaultCacheAwareContextLoaderDelegate]
13:06:20.985 [main] DEBUG org.springframework.test.context.BootstrapUtils - Instantiating BootstrapContext using constructor [public org.springframework.test.context.support.DefaultBootstrapContext(java.lang.Class,org.springframework.test.context.CacheAwareContextLoaderDelegate)]
13:06:20.986 [main] DEBUG org.springframework.test.context.BootstrapUtils - Instantiating TestContextBootstrapper for test class [MedicMagic.userSymptom.service.UserSymptomServiceTest] from class [org.springframework.test.context.support.DefaultTestContextBootstrapper]
13:06:20.986 [main] DEBUG org.springframework.test.context.support.AbstractDelegatingSmartContextLoader - Delegating to GenericXmlContextLoader to process context configuration [ContextConfigurationAttributes@79d8407f declaringClass = 'MedicMagic.userSymptom.service.UserSymptomServiceTest', classes = '{}', locations = '{/test-applicationContext.xml}', inheritLocations = true, initializers = '{}', inheritInitializers = true, name = [null], contextLoaderClass = 'org.springframework.test.context.ContextLoader'].
13:06:20.988 [main] DEBUG org.springframework.test.context.support.ActiveProfilesUtils - Could not find an 'annotation declaring class' for annotation type [org.springframework.test.context.ActiveProfiles] and class [MedicMagic.userSymptom.service.UserSymptomServiceTest]
13:06:20.988 [main] DEBUG org.springframework.test.context.support.DefaultTestContextBootstrapper - @TestExecutionListeners is not present for class [MedicMagic.userSymptom.service.UserSymptomServiceTest]: using defaults.
13:06:20.988 [main] INFO org.springframework.test.context.support.DefaultTestContextBootstrapper - Loaded default TestExecutionListener class names from location [META-INF/spring.factories]: [org.springframework.boot.test.mock.mockito.MockitoTestExecutionListener, org.springframework.boot.test.mock.mockito.ResetMocksTestExecutionListener, org.springframework.boot.test.autoconfigure.restdocs.RestDocsTestExecutionListener, org.springframework.boot.test.autoconfigure.web.client.MockRestServiceServerResetTestExecutionListener, org.springframework.boot.test.autoconfigure.web.servlet.MockMvcPrintOnlyOnFailureTestExecutionListener, org.springframework.boot.test.autoconfigure.web.servlet.WebDriverTestExecutionListener, org.springframework.boot.test.autoconfigure.webservices.client.MockWebServiceServerTestExecutionListener, org.springframework.test.context.web.ServletTestExecutionListener, org.springframework.test.context.support.DirtiesContextBeforeModesTestExecutionListener, org.springframework.test.context.support.DependencyInjectionTestExecutionListener, org.springframework.test.context.support.DirtiesContextTestExecutionListener, org.springframework.test.context.transaction.TransactionalTestExecutionListener, org.springframework.test.context.jdbc.SqlScriptsTestExecutionListener]
13:06:20.988 [main] INFO org.springframework.test.context.support.DefaultTestContextBootstrapper - Using TestExecutionListeners: [org.springframework.test.context.web.ServletTestExecutionListener@5fbe4146, org.springframework.test.context.support.DirtiesContextBeforeModesTestExecutionListener@1e66f1f5, org.springframework.boot.test.mock.mockito.MockitoTestExecutionListener@4e50c791, org.springframework.test.context.support.DependencyInjectionTestExecutionListener@7530ad9c, org.springframework.test.context.support.DirtiesContextTestExecutionListener@58a9760d, org.springframework.test.context.transaction.TransactionalTestExecutionListener@71e9ddb4, org.springframework.test.context.jdbc.SqlScriptsTestExecutionListener@394df057, org.springframework.boot.test.autoconfigure.webservices.client.MockWebServiceServerTestExecutionListener@4961f6af, org.springframework.boot.test.autoconfigure.web.servlet.MockMvcPrintOnlyOnFailureTestExecutionListener@5aebe890, org.springframework.boot.test.autoconfigure.web.servlet.WebDriverTestExecutionListener@65d09a04, org.springframework.boot.test.autoconfigure.restdocs.RestDocsTestExecutionListener@33c911a1, org.springframework.boot.test.autoconfigure.web.client.MockRestServiceServerResetTestExecutionListener@75db5df9, org.springframework.boot.test.mock.mockito.ResetMocksTestExecutionListener@707194ba]
13:06:20.988 [main] DEBUG org.springframework.test.annotation.ProfileValueUtils - Retrieved @ProfileValueSourceConfiguration [null] for test class [MedicMagic.userSymptom.service.UserSymptomServiceTest]
13:06:20.989 [main] DEBUG org.springframework.test.annotation.ProfileValueUtils - Retrieved ProfileValueSource type [class org.springframework.test.annotation.SystemProfileValueSource] for class [MedicMagic.userSymptom.service.UserSymptomServiceTest]
]]></system-out>
  </testcase>
</testsuite>