<?xml version="1.0" encoding="UTF-8"?>
<testsuite xmlns:xsi="http://www.w3.org/2001/XMLSchema-instance" xsi:noNamespaceSchemaLocation="https://maven.apache.org/surefire/maven-surefire-plugin/xsd/surefire-test-report-3.0.xsd" version="3.0" name="MedicMagic.userGoal.dao.UserGoalTest" time="0.363" tests="4" errors="0" skipped="0" failures="0">
  <properties>
[...]
</properties>
  <testcase name="deleteEachId" classname="MedicMagic.userGoal.dao.UserGoalTest" time="0.121"/>
  <testcase name="addAndGet" classname="MedicMagic.userGoal.dao.UserGoalTest" time="0.14"/>
  <testcase name="duplicateUserId" classname="MedicMagic.userGoal.dao.UserGoalTest" time="0.051"/>
  <testcase name="negativeDouble" classname="MedicMagic.userGoal.dao.UserGoalTest" time="0.044"/>
</testsuite>